<?xml version="1.0" encoding="UTF-8"?>
<!-- Generated by org.testng.reporters.JUnitReportReporter -->
<testsuite hostname="DESKTOP-B7QFQL7" failures="0" tests="3" name="myTestCasesSauceDemo.MainTestCases" time="6.679" errors="0" timestamp="2024-12-25T17:05:30 EET" skipped="0">
  <testcase classname="myTestCasesSauceDemo.MainTestCases" name="login" time="0.384"/>
  <system-out/>
  <testcase classname="myTestCasesSauceDemo.MainTestCases" name="AddToCartItem" time="3.203"/>
  <system-out/>
  <testcase classname="myTestCasesSauceDemo.MainTestCases" name="RemoveItemFromTheCart" time="3.092"/>
  <system-out/>
</testsuite> <!-- myTestCasesSauceDemo.MainTestCases -->
