<?xml version="1.0" encoding="UTF-8"?>
<!-- Generated by org.testng.reporters.JUnitReportReporter -->
<testsuite hostname="DESKTOP-B7QFQL7" failures="0" tests="3" name="problem_user.myTestCases" time="6.519" errors="0" timestamp="2024-12-25T17:17:23 EET" skipped="0">
  <testcase classname="problem_user.myTestCases" name="login" time="0.351"/>
  <system-out/>
  <testcase classname="problem_user.myTestCases" name="AddToCartItem" time="3.108"/>
  <system-out/>
  <testcase classname="problem_user.myTestCases" name="RemoveItemFromTheCart" time="3.060"/>
  <system-out/>
</testsuite> <!-- problem_user.myTestCases -->
