<?xml version="1.0" encoding="UTF-8"?>
<!-- Generated by org.testng.reporters.JUnitReportReporter -->
<testsuite hostname="DESKTOP-B7QFQL7" failures="0" tests="6" name="standard_user.MainTestCases" time="1.371" errors="0" timestamp="2025-01-02T17:24:49 EET" skipped="3">
  <testcase classname="standard_user.MainTestCases" name="login" time="0.502"/>
  <system-out/>
  <testcase classname="standard_user.MainTestCases" name="AddRandomItem" time="0.129"/>
  <system-out/>
  <testcase classname="standard_user.MainTestCases" name="Checkoutprocess" time="0.740"/>
  <system-out/>
  <testcase classname="standard_user.MainTestCases" name="RemoveItemFromTheCart">
    <skipped/>
  </testcase> <!-- RemoveItemFromTheCart -->
  <system-out/>
  <testcase classname="standard_user.MainTestCases" name="AddItemThatStartsWithSauce">
    <skipped/>
  </testcase> <!-- AddItemThatStartsWithSauce -->
  <system-out/>
  <testcase classname="standard_user.MainTestCases" name="AddCertainNumberofItems">
    <skipped/>
  </testcase> <!-- AddCertainNumberofItems -->
  <system-out/>
</testsuite> <!-- standard_user.MainTestCases -->
